[01m[K/home/parsa/px4_ros2_sim/px4_ros_com_ros2/src/px4_missions/src/collisionPrevension.cpp:[m[K In member function ‘[01m[Kvoid CollisionPrevension::set_data(std::atomic<short unsigned int>*) const[m[K’:
[01m[K/home/parsa/px4_ros2_sim/px4_ros_com_ros2/src/px4_missions/src/collisionPrevension.cpp:65:40:[m[K [01;31m[Kerror: [m[Kno match for ‘[01m[Koperator=[m[K’ (operand types are ‘[01m[Kpx4_msgs::msg::ObstacleDistance_<std::allocator<void> >::_distances_type[m[K’ {aka ‘[01m[Kstd::array<short unsigned int, 72>[m[K’} and ‘[01m[Kstd::__atomic_base<short unsigned int>::__int_type[m[K’ {aka ‘[01m[Kshort unsigned int[m[K’})
   65 |  msg.distances = distances_arrey->load([01;31m[K)[m[K;
      |                                        [01;31m[K^[m[K
In file included from [01m[K/usr/include/c++/9/tuple:39[m[K,
                 from [01m[K/usr/include/c++/9/bits/unique_ptr.h:37[m[K,
                 from [01m[K/usr/include/c++/9/memory:80[m[K,
                 from [01m[K/opt/ros/foxy/include/rosidl_runtime_cpp/bounded_vector.hpp:19[m[K,
                 from [01m[K/home/parsa/px4_ros2_sim/px4_ros_com_ros2/install/px4_msgs/include/px4_msgs/msg/detail/timesync__struct.hpp:8[m[K,
                 from [01m[K/home/parsa/px4_ros2_sim/px4_ros_com_ros2/install/px4_msgs/include/px4_msgs/msg/timesync.hpp:7[m[K,
                 from [01m[K/home/parsa/px4_ros2_sim/px4_ros_com_ros2/src/px4_missions/src/collisionPrevension.cpp:1[m[K:
[01m[K/usr/include/c++/9/array:94:12:[m[K [01;36m[Knote: [m[Kcandidate: ‘[01m[Kconstexpr std::array<short unsigned int, 72>& std::array<short unsigned int, 72>::operator=(const std::array<short unsigned int, 72>&)[m[K’
   94 |     struct [01;36m[Karray[m[K
      |            [01;36m[K^~~~~[m[K
[01m[K/usr/include/c++/9/array:94:12:[m[K [01;36m[Knote: [m[K  no known conversion for argument 1 from ‘[01m[Kstd::__atomic_base<short unsigned int>::__int_type[m[K’ {aka ‘[01m[Kshort unsigned int[m[K’} to ‘[01m[Kconst std::array<short unsigned int, 72>&[m[K’
[01m[K/usr/include/c++/9/array:94:12:[m[K [01;36m[Knote: [m[Kcandidate: ‘[01m[Kconstexpr std::array<short unsigned int, 72>& std::array<short unsigned int, 72>::operator=(std::array<short unsigned int, 72>&&)[m[K’
[01m[K/usr/include/c++/9/array:94:12:[m[K [01;36m[Knote: [m[K  no known conversion for argument 1 from ‘[01m[Kstd::__atomic_base<short unsigned int>::__int_type[m[K’ {aka ‘[01m[Kshort unsigned int[m[K’} to ‘[01m[Kstd::array<short unsigned int, 72>&&[m[K’
make[2]: *** [CMakeFiles/collisionPrevension.dir/build.make:63: CMakeFiles/collisionPrevension.dir/src/collisionPrevension.cpp.o] Error 1
make[1]: *** [CMakeFiles/Makefile2:82: CMakeFiles/collisionPrevension.dir/all] Error 2
make[1]: *** Waiting for unfinished jobs....
make: *** [Makefile:141: all] Error 2
