-- The C compiler identification is GNU 9.4.0
-- The CXX compiler identification is GNU 9.4.0
-- Check for working C compiler: /usr/bin/cc
-- Check for working C compiler: /usr/bin/cc -- works
-- Detecting C compiler ABI info
-- Detecting C compiler ABI info - done
-- Detecting C compile features
-- Detecting C compile features - done
-- Check for working CXX compiler: /usr/bin/c++
-- Check for working CXX compiler: /usr/bin/c++ -- works
-- Detecting CXX compiler ABI info
-- Detecting CXX compiler ABI info - done
-- Detecting CXX compile features
-- Detecting CXX compile features - done
-- Found ament_cmake: 0.9.9 (/opt/ros/foxy/share/ament_cmake/cmake)
-- Found PythonInterp: /usr/bin/python3 (found suitable version "3.8.10", minimum required is "3") 
-- Using PYTHON_EXECUTABLE: /usr/bin/python3
-- Found rclcpp: 2.4.1 (/opt/ros/foxy/share/rclcpp/cmake)
-- Using all available rosidl_typesupport_c: rosidl_typesupport_fastrtps_c;rosidl_typesupport_introspection_c
-- Found rosidl_adapter: 1.2.1 (/opt/ros/foxy/share/rosidl_adapter/cmake)
-- Found OpenSSL: /usr/lib/x86_64-linux-gnu/libcrypto.so (found version "1.1.1f")  
-- Found FastRTPS: /opt/ros/foxy/include  
-- Using all available rosidl_typesupport_cpp: rosidl_typesupport_fastrtps_cpp;rosidl_typesupport_introspection_cpp
-- Found rmw_implementation_cmake: 1.0.3 (/opt/ros/foxy/share/rmw_implementation_cmake/cmake)
-- Using RMW implementation 'rmw_fastrtps_cpp' as default
-- Looking for pthread.h
-- Looking for pthread.h - found
-- Performing Test CMAKE_HAVE_LIBC_PTHREAD
-- Performing Test CMAKE_HAVE_LIBC_PTHREAD - Failed
-- Looking for pthread_create in pthreads
-- Looking for pthread_create in pthreads - not found
-- Looking for pthread_create in pthread
-- Looking for pthread_create in pthread - found
-- Found Threads: TRUE  
-- Found px4_msgs: 2.0.1 (/home/parsa/px4_ros2_sim/px4_ros_com_ros2/install/px4_msgs/share/px4_msgs/cmake)
-- Found mavros_msgs: 2.1.1 (/opt/ros/foxy/share/mavros_msgs/cmake)
-- Found nav_msgs: 2.0.5 (/opt/ros/foxy/share/nav_msgs/cmake)
-- Found tf2: 0.13.13 (/opt/ros/foxy/share/tf2/cmake)
-- Found tf2_ros: 0.13.13 (/opt/ros/foxy/share/tf2_ros/cmake)
-- Found tf2_geometry_msgs: 0.13.13 (/opt/ros/foxy/share/tf2_geometry_msgs/cmake)
-- Found eigen3_cmake_module: 0.1.1 (/opt/ros/foxy/share/eigen3_cmake_module/cmake)
-- Found Eigen3: TRUE (found version "3.3.9") 
-- Found ament_lint_auto: 0.9.6 (/opt/ros/foxy/share/ament_lint_auto/cmake)
-- Added test 'copyright' to check source files copyright and LICENSE
-- Added test 'cppcheck' to perform static code analysis on C / C++ code
-- Configured cppcheck include dirs: $<BUILD_INTERFACE:/home/parsa/px4_ros2_sim/px4_ros_com_ros2/src/px4_missions/include>
-- Configured cppcheck exclude dirs and/or files: 
-- Added test 'cpplint' to check C / C++ code against the Google style
-- Configured cpplint exclude dirs and/or files: 
-- Added test 'flake8' to check Python code syntax and style conventions
-- Added test 'lint_cmake' to check CMake code style
-- Added test 'pep257' to check Python code against some of the style conventions in PEP 257
-- Added test 'uncrustify' to check C / C++ code style
-- Configured uncrustify additional arguments: 
-- Added test 'xmllint' to check XML markup files
-- Configuring done
-- Generating done
-- Build files have been written to: /home/parsa/px4_ros2_sim/build/px4_missions
[35m[1mScanning dependencies of target offBoardRTPS_Vel[0m
[35m[1mScanning dependencies of target offBoardRTPS_Pose[0m
[35m[1mScanning dependencies of target collisionPrevension[0m
[ 10%] [32mBuilding CXX object CMakeFiles/collisionPrevension.dir/src/collisionPrevension.cpp.o[0m
[ 20%] [32mBuilding CXX object CMakeFiles/offBoardRTPS_Vel.dir/src/base/droneBaseRTPS.cpp.o[0m
[ 30%] [32mBuilding CXX object CMakeFiles/offBoardRTPS_Vel.dir/src/offBoardRTPS_Vel.cpp.o[0m
[ 40%] [32mBuilding CXX object CMakeFiles/offBoardRTPS_Vel.dir/src/simpleRTPS/velCommandDrone.cpp.o[0m
[ 50%] [32mBuilding CXX object CMakeFiles/offBoardRTPS_Pose.dir/src/base/droneBaseRTPS.cpp.o[0m
[ 70%] [32mBuilding CXX object CMakeFiles/offBoardRTPS_Pose.dir/src/offBoardRTPS_Pose.cpp.o[0m
[ 70%] [32mBuilding CXX object CMakeFiles/offBoardRTPS_Pose.dir/src/simpleRTPS/poseCommandDrone.cpp.o[0m
[ 80%] [32m[1mLinking CXX executable offBoardRTPS_Vel[0m
[ 90%] [32m[1mLinking CXX executable offBoardRTPS_Pose[0m
[ 90%] Built target offBoardRTPS_Vel
[ 90%] Built target offBoardRTPS_Pose
