[0.018s] Invoking command in '/home/parsa/px4_ros2_sim/build/px4_missions': CMAKE_PREFIX_PATH=${CMAKE_PREFIX_PATH}:/opt/ros/foxy /usr/bin/cmake /home/parsa/px4_ros2_sim/px4_ros_com_ros2/src/px4_missions -DCMAKE_INSTALL_PREFIX=/home/parsa/px4_ros2_sim/install/px4_missions
[0.154s] -- The C compiler identification is GNU 9.4.0
[0.217s] -- The CXX compiler identification is GNU 9.4.0
[0.222s] -- Check for working C compiler: /usr/bin/cc
[0.299s] -- Check for working C compiler: /usr/bin/cc -- works
[0.300s] -- Detecting C compiler ABI info
[0.378s] -- Detecting C compiler ABI info - done
[0.392s] -- Detecting C compile features
[0.392s] -- Detecting C compile features - done
[0.395s] -- Check for working CXX compiler: /usr/bin/c++
[0.481s] -- Check for working CXX compiler: /usr/bin/c++ -- works
[0.482s] -- Detecting CXX compiler ABI info
[0.569s] -- Detecting CXX compiler ABI info - done
[0.583s] -- Detecting CXX compile features
[0.584s] -- Detecting CXX compile features - done
[0.589s] -- Found ament_cmake: 0.9.9 (/opt/ros/foxy/share/ament_cmake/cmake)
[0.616s] -- Found PythonInterp: /usr/bin/python3 (found suitable version "3.8.10", minimum required is "3") 
[0.616s] -- Using PYTHON_EXECUTABLE: /usr/bin/python3
[0.839s] -- Found rclcpp: 2.4.1 (/opt/ros/foxy/share/rclcpp/cmake)
[0.890s] -- Using all available rosidl_typesupport_c: rosidl_typesupport_fastrtps_c;rosidl_typesupport_introspection_c
[0.897s] -- Found rosidl_adapter: 1.2.1 (/opt/ros/foxy/share/rosidl_adapter/cmake)
[0.989s] -- Found OpenSSL: /usr/lib/x86_64-linux-gnu/libcrypto.so (found version "1.1.1f")  
[1.019s] -- Found FastRTPS: /opt/ros/foxy/include  
[1.098s] -- Using all available rosidl_typesupport_cpp: rosidl_typesupport_fastrtps_cpp;rosidl_typesupport_introspection_cpp
[1.155s] -- Found rmw_implementation_cmake: 1.0.3 (/opt/ros/foxy/share/rmw_implementation_cmake/cmake)
[1.156s] -- Using RMW implementation 'rmw_fastrtps_cpp' as default
[1.158s] -- Looking for pthread.h
[1.237s] -- Looking for pthread.h - found
[1.238s] -- Performing Test CMAKE_HAVE_LIBC_PTHREAD
[1.326s] -- Performing Test CMAKE_HAVE_LIBC_PTHREAD - Failed
[1.326s] -- Looking for pthread_create in pthreads
[1.397s] -- Looking for pthread_create in pthreads - not found
[1.398s] -- Looking for pthread_create in pthread
[1.485s] -- Looking for pthread_create in pthread - found
[1.486s] -- Found Threads: TRUE  
[1.680s] -- Found px4_msgs: 2.0.1 (/home/parsa/px4_ros2_sim/px4_ros_com_ros2/install/px4_msgs/share/px4_msgs/cmake)
[1.698s] -- Found mavros_msgs: 2.1.1 (/opt/ros/foxy/share/mavros_msgs/cmake)
[2.222s] -- Found nav_msgs: 2.0.5 (/opt/ros/foxy/share/nav_msgs/cmake)
[2.300s] -- Found tf2: 0.13.13 (/opt/ros/foxy/share/tf2/cmake)
[2.311s] -- Found tf2_ros: 0.13.13 (/opt/ros/foxy/share/tf2_ros/cmake)
[2.706s] -- Found tf2_geometry_msgs: 0.13.13 (/opt/ros/foxy/share/tf2_geometry_msgs/cmake)
[2.715s] -- Found eigen3_cmake_module: 0.1.1 (/opt/ros/foxy/share/eigen3_cmake_module/cmake)
[2.723s] -- Found Eigen3: TRUE (found version "3.3.9") 
[2.757s] -- Found ament_lint_auto: 0.9.6 (/opt/ros/foxy/share/ament_lint_auto/cmake)
[2.832s] -- Added test 'copyright' to check source files copyright and LICENSE
[2.835s] -- Added test 'cppcheck' to perform static code analysis on C / C++ code
[2.835s] -- Configured cppcheck include dirs: $<BUILD_INTERFACE:/home/parsa/px4_ros2_sim/px4_ros_com_ros2/src/px4_missions/include>
[2.835s] -- Configured cppcheck exclude dirs and/or files: 
[2.837s] -- Added test 'cpplint' to check C / C++ code against the Google style
[2.837s] -- Configured cpplint exclude dirs and/or files: 
[2.838s] -- Added test 'flake8' to check Python code syntax and style conventions
[2.839s] -- Added test 'lint_cmake' to check CMake code style
[2.839s] -- Added test 'pep257' to check Python code against some of the style conventions in PEP 257
[2.841s] -- Added test 'uncrustify' to check C / C++ code style
[2.841s] -- Configured uncrustify additional arguments: 
[2.842s] -- Added test 'xmllint' to check XML markup files
[2.846s] -- Configuring done
[2.877s] -- Generating done
[2.878s] -- Build files have been written to: /home/parsa/px4_ros2_sim/build/px4_missions
[2.888s] Invoked command in '/home/parsa/px4_ros2_sim/build/px4_missions' returned '0': CMAKE_PREFIX_PATH=${CMAKE_PREFIX_PATH}:/opt/ros/foxy /usr/bin/cmake /home/parsa/px4_ros2_sim/px4_ros_com_ros2/src/px4_missions -DCMAKE_INSTALL_PREFIX=/home/parsa/px4_ros2_sim/install/px4_missions
[2.891s] Invoking command in '/home/parsa/px4_ros2_sim/build/px4_missions': CMAKE_PREFIX_PATH=${CMAKE_PREFIX_PATH}:/opt/ros/foxy /usr/bin/cmake --build /home/parsa/px4_ros2_sim/build/px4_missions -- -j8 -l8
[2.939s] [35m[1mScanning dependencies of target offBoardRTPS_Vel[0m
[2.940s] [35m[1mScanning dependencies of target offBoardRTPS_Pose[0m
[2.940s] [35m[1mScanning dependencies of target collisionPrevension[0m
[2.986s] [ 10%] [32mBuilding CXX object CMakeFiles/collisionPrevension.dir/src/collisionPrevension.cpp.o[0m
[3.002s] [ 20%] [32mBuilding CXX object CMakeFiles/offBoardRTPS_Vel.dir/src/base/droneBaseRTPS.cpp.o[0m
[3.003s] [ 30%] [32mBuilding CXX object CMakeFiles/offBoardRTPS_Vel.dir/src/offBoardRTPS_Vel.cpp.o[0m
[3.003s] [ 40%] [32mBuilding CXX object CMakeFiles/offBoardRTPS_Vel.dir/src/simpleRTPS/velCommandDrone.cpp.o[0m
[3.032s] [ 50%] [32mBuilding CXX object CMakeFiles/offBoardRTPS_Pose.dir/src/base/droneBaseRTPS.cpp.o[0m
[3.034s] [ 70%] [32mBuilding CXX object CMakeFiles/offBoardRTPS_Pose.dir/src/offBoardRTPS_Pose.cpp.o[0m
[3.034s] [ 70%] [32mBuilding CXX object CMakeFiles/offBoardRTPS_Pose.dir/src/simpleRTPS/poseCommandDrone.cpp.o[0m
[4.575s] [01m[K/home/parsa/px4_ros2_sim/px4_ros_com_ros2/src/px4_missions/src/collisionPrevension.cpp:[m[K In member function ‘[01m[Kvoid CollisionPrevension::set_data(std::atomic<short unsigned int>*) const[m[K’:
[4.575s] [01m[K/home/parsa/px4_ros2_sim/px4_ros_com_ros2/src/px4_missions/src/collisionPrevension.cpp:65:40:[m[K [01;31m[Kerror: [m[Kno match for ‘[01m[Koperator=[m[K’ (operand types are ‘[01m[Kpx4_msgs::msg::ObstacleDistance_<std::allocator<void> >::_distances_type[m[K’ {aka ‘[01m[Kstd::array<short unsigned int, 72>[m[K’} and ‘[01m[Kstd::__atomic_base<short unsigned int>::__int_type[m[K’ {aka ‘[01m[Kshort unsigned int[m[K’})
[4.575s]    65 |  msg.distances = distances_arrey->load([01;31m[K)[m[K;
[4.576s]       |                                        [01;31m[K^[m[K
[4.576s] In file included from [01m[K/usr/include/c++/9/tuple:39[m[K,
[4.576s]                  from [01m[K/usr/include/c++/9/bits/unique_ptr.h:37[m[K,
[4.577s]                  from [01m[K/usr/include/c++/9/memory:80[m[K,
[4.577s]                  from [01m[K/opt/ros/foxy/include/rosidl_runtime_cpp/bounded_vector.hpp:19[m[K,
[4.577s]                  from [01m[K/home/parsa/px4_ros2_sim/px4_ros_com_ros2/install/px4_msgs/include/px4_msgs/msg/detail/timesync__struct.hpp:8[m[K,
[4.578s]                  from [01m[K/home/parsa/px4_ros2_sim/px4_ros_com_ros2/install/px4_msgs/include/px4_msgs/msg/timesync.hpp:7[m[K,
[4.578s]                  from [01m[K/home/parsa/px4_ros2_sim/px4_ros_com_ros2/src/px4_missions/src/collisionPrevension.cpp:1[m[K:
[4.578s] [01m[K/usr/include/c++/9/array:94:12:[m[K [01;36m[Knote: [m[Kcandidate: ‘[01m[Kconstexpr std::array<short unsigned int, 72>& std::array<short unsigned int, 72>::operator=(const std::array<short unsigned int, 72>&)[m[K’
[4.578s]    94 |     struct [01;36m[Karray[m[K
[4.579s]       |            [01;36m[K^~~~~[m[K
[4.579s] [01m[K/usr/include/c++/9/array:94:12:[m[K [01;36m[Knote: [m[K  no known conversion for argument 1 from ‘[01m[Kstd::__atomic_base<short unsigned int>::__int_type[m[K’ {aka ‘[01m[Kshort unsigned int[m[K’} to ‘[01m[Kconst std::array<short unsigned int, 72>&[m[K’
[4.579s] [01m[K/usr/include/c++/9/array:94:12:[m[K [01;36m[Knote: [m[Kcandidate: ‘[01m[Kconstexpr std::array<short unsigned int, 72>& std::array<short unsigned int, 72>::operator=(std::array<short unsigned int, 72>&&)[m[K’
[4.580s] [01m[K/usr/include/c++/9/array:94:12:[m[K [01;36m[Knote: [m[K  no known conversion for argument 1 from ‘[01m[Kstd::__atomic_base<short unsigned int>::__int_type[m[K’ {aka ‘[01m[Kshort unsigned int[m[K’} to ‘[01m[Kstd::array<short unsigned int, 72>&&[m[K’
[6.541s] make[2]: *** [CMakeFiles/collisionPrevension.dir/build.make:63: CMakeFiles/collisionPrevension.dir/src/collisionPrevension.cpp.o] Error 1
[6.541s] make[1]: *** [CMakeFiles/Makefile2:82: CMakeFiles/collisionPrevension.dir/all] Error 2
[6.542s] make[1]: *** Waiting for unfinished jobs....
[16.066s] [ 80%] [32m[1mLinking CXX executable offBoardRTPS_Vel[0m
[16.287s] [ 90%] [32m[1mLinking CXX executable offBoardRTPS_Pose[0m
[16.814s] [ 90%] Built target offBoardRTPS_Vel
[16.982s] [ 90%] Built target offBoardRTPS_Pose
[16.983s] make: *** [Makefile:141: all] Error 2
[16.985s] Invoked command in '/home/parsa/px4_ros2_sim/build/px4_missions' returned '2': CMAKE_PREFIX_PATH=${CMAKE_PREFIX_PATH}:/opt/ros/foxy /usr/bin/cmake --build /home/parsa/px4_ros2_sim/build/px4_missions -- -j8 -l8
